[
 {
  "Error": {
   "Message": "ERRORED! Got Exception (if any): ERROR: Bot #0: Received invalid character 'Traceback (most recent call last):T'. (at character 1.)\nInput received from bot:\nTraceback (most recent call last):\n^; Response received (if any): Traceback (most recent call last):  File \"MyBot-Attacker-v3.py\", line 17, in <module>    entities_by_distance = OrderedDict(sorted(entities_by_distance.itens(), key=lambda t: t[0]))AttributeError: 'dict' object has no attribute 'itens'",
   "Turn": 1
  },
  "Frames": [
   {
    "Time": 218,
    "Turn": 0
   },
   {
    "Time": 3
   }
  ],
  "PlayerID": 0,
  "PlayerName": "Attacker-v3"
 },
 {
  "Error": {},
  "Frames": [
   {
    "Time": 216,
    "Turn": 0
   },
   {
    "Commands": [
     {
      "angle": 282,
      "magnitude": 7,
      "owner": 1,
      "queue_number": 0,
      "shipId": 3,
      "type": "thrust"
     },
     {
      "angle": 257,
      "magnitude": 7,
      "owner": 1,
      "queue_number": 0,
      "shipId": 4,
      "type": "thrust"
     },
     {
      "angle": 292,
      "magnitude": 7,
      "owner": 1,
      "queue_number": 0,
      "shipId": 5,
      "type": "thrust"
     }
    ],
    "Planets": null,
    "Ships": [
     {
      "cooldown": 0,
      "docking": {
       "status": "undocked"
      },
      "health": 255,
      "id": 3,
      "owner": 1,
      "vel_x": 0.0,
      "vel_y": 0.0,
      "x": 121.45538183572431,
      "y": 113.15296679486336
     },
     {
      "cooldown": 0,
      "docking": {
       "status": "undocked"
      },
      "health": 255,
      "id": 4,
      "owner": 1,
      "vel_x": 0.0,
      "vel_y": 0.0,
      "x": 118.42534261959294,
      "y": 110.17940954650335
     },
     {
      "cooldown": 0,
      "docking": {
       "status": "undocked"
      },
      "health": 255,
      "id": 5,
      "owner": 1,
      "vel_x": 0.0,
      "vel_y": 0.0,
      "x": 122.62224615391139,
      "y": 116.50971301803249
     }
    ],
    "Time": 16,
    "Turn": 1
   }
  ],
  "PlayerID": 1,
  "PlayerName": "Settler-v4"
 }
]
