[
 {
  "Error": {
   "Message": "ERRORED! Got Exception (if any): ERROR: Bot #0: Received invalid character '    else:e'. (at character 5.)\nInput received from bot:\n    else:\n    ^; Response received (if any):     else:        ^TabError: inconsistent use of tabs and spaces in indentation",
   "Turn": 1
  },
  "Frames": [
   {
    "Time": 166,
    "Turn": 0
   },
   {
    "Time": 0
   }
  ],
  "PlayerID": 0,
  "PlayerName": "  File \"MyBot-Attacker-v3.py\","
 },
 {
  "Error": {},
  "Frames": [
   {
    "Time": 219,
    "Turn": 0
   },
   {
    "Commands": [
     {
      "angle": 174,
      "magnitude": 7,
      "owner": 1,
      "queue_number": 0,
      "shipId": 4,
      "type": "thrust"
     }
    ],
    "Planets": null,
    "Ships": [
     {
      "cooldown": 0,
      "docking": {
       "status": "undocked"
      },
      "health": 255,
      "id": 4,
      "owner": 1,
      "vel_x": 0.0,
      "vel_y": 0.0,
      "x": 173.0383467324221,
      "y": 77.731699242873574
     }
    ],
    "Time": 12,
    "Turn": 1
   }
  ],
  "PlayerID": 1,
  "PlayerName": "Settler-v4"
 }
]
